<Page xmlns="http://schemas.nativescript.org/tns.xsd">

	<ActionBar  title="RadAutoCompleteTextView Demo" class="action-bar">
		<NavigationButton text="Back" android.systemIcon="ic_menu_back" tap="onNavBtnTap" />
	</ActionBar>

</Page>